{
  "numTotalTestSuites": 2,
  "numPassedTestSuites": 2,
  "numFailedTestSuites": 0,
  "numPendingTestSuites": 0,
  "numTotalTests": 1,
  "numPassedTests": 1,
  "numFailedTests": 0,
  "numPendingTests": 0,
  "numTodoTests": 0,
  "snapshot": {
    "added": 0,
    "failure": false,
    "filesAdded": 0,
    "filesRemoved": 0,
    "filesRemovedList": [],
    "filesUnmatched": 0,
    "filesUpdated": 0,
    "matched": 0,
    "total": 0,
    "unchecked": 0,
    "uncheckedKeysByFile": [],
    "unmatched": 0,
    "updated": 0,
    "didUpdate": false
  },
  "startTime": 1787327213757,
  "success": true,
  "testResults": [
    {
      "assertionResults": [
        {
          "ancestorTitles": ["node:sqlite driver under a jsdom docblock"],
          "fullName": "node:sqlite driver under a jsdom docblock round-trips rows in a node project transformed through the client environment",
          "status": "passed",
          "title": "round-trips rows in a node project transformed through the client environment",
          "duration": 4.3089769999999135,
          "failureMessages": [],
          "meta": {},
          "tags": []
        }
      ],
      "startTime": 1787327214680,
      "endTime": 1787327214684.309,
      "status": "passed",
      "message": "",
      "name": "apps/mobile/src/lib/replica/node-sqlite-driver.jsdom.test.ts"
    }
  ]
}
